2025-08-27 20:27:53.961 | INFO     | utils.utils_logger:<module>:38 - Logging to file: logs\project_log.log
2025-08-27 20:27:53.969 | INFO     | __main__:main:106 - START producer...
2025-08-27 20:27:53.970 | INFO     | __main__:main:107 - Hit CTRL c (or CMD c) to close.
2025-08-27 20:27:53.970 | INFO     | __main__:get_message_interval:53 - Messages will be sent every 3 seconds.
2025-08-27 20:27:53.970 | INFO     | __main__:main:114 - I just tried a movie! It was amazing.
2025-08-27 20:27:56.972 | INFO     | __main__:main:114 - I just shared a meme! It was funny.
2025-08-27 20:27:59.974 | INFO     | __main__:main:114 - I just tried a trick! It was boring.
2025-08-27 20:28:02.976 | INFO     | __main__:main:114 - I just shared a movie! It was exciting.
2025-08-27 20:28:05.979 | INFO     | __main__:main:114 - I just shared a story! It was weird.
2025-08-27 20:28:08.981 | INFO     | __main__:main:114 - I just shared a movie! It was boring.
2025-08-27 20:28:11.983 | INFO     | __main__:main:114 - I just shared a movie! It was exciting.
2025-08-27 20:28:14.985 | INFO     | __main__:main:114 - I just tried a movie! It was weird.
2025-08-27 20:28:17.987 | INFO     | __main__:main:114 - I just saw a meme! It was exciting.
2025-08-27 20:28:20.988 | INFO     | __main__:main:114 - I just tried a meme! It was funny.
2025-08-27 20:28:23.990 | INFO     | __main__:main:114 - I just loved a story! It was exciting.
2025-08-27 20:28:26.993 | INFO     | __main__:main:114 - I just loved a movie! It was weird.
2025-08-27 20:28:29.994 | INFO     | __main__:main:114 - I just loved an app! It was boring.
2025-08-27 20:28:32.996 | INFO     | __main__:main:114 - I just shared an app! It was weird.
2025-08-27 20:28:35.999 | INFO     | __main__:main:114 - I just shared a trick! It was weird.
2025-08-27 20:28:39.000 | INFO     | __main__:main:114 - I just found an app! It was funny.
2025-08-27 20:28:42.002 | INFO     | __main__:main:114 - I just tried an app! It was boring.
2025-08-27 20:28:45.006 | INFO     | __main__:main:114 - I just tried a meme! It was amazing.
2025-08-27 20:28:48.006 | INFO     | __main__:main:114 - I just saw an app! It was weird.
2025-08-27 20:28:51.007 | INFO     | __main__:main:114 - I just shared a story! It was amazing.
2025-08-27 20:28:54.010 | INFO     | __main__:main:114 - I just shared a trick! It was funny.
2025-08-27 20:28:57.011 | INFO     | __main__:main:114 - I just loved a trick! It was exciting.
2025-08-27 20:29:00.014 | INFO     | __main__:main:114 - I just loved a movie! It was exciting.
2025-08-27 20:29:03.018 | INFO     | __main__:main:114 - I just found a trick! It was exciting.
2025-08-27 20:29:06.019 | INFO     | __main__:main:114 - I just saw a story! It was boring.
2025-08-27 20:29:09.021 | INFO     | __main__:main:114 - I just saw a trick! It was boring.
2025-08-27 20:29:12.023 | INFO     | __main__:main:114 - I just loved a meme! It was funny.
2025-08-27 20:29:15.025 | INFO     | __main__:main:114 - I just tried a story! It was amazing.
2025-08-27 20:29:18.028 | INFO     | __main__:main:114 - I just loved a meme! It was amazing.
2025-08-27 20:29:21.029 | INFO     | __main__:main:114 - I just loved a meme! It was exciting.
2025-08-27 20:29:24.032 | INFO     | __main__:main:114 - I just tried an app! It was funny.
2025-08-27 20:29:27.034 | INFO     | __main__:main:114 - I just shared a meme! It was funny.
2025-08-27 20:29:30.035 | INFO     | __main__:main:114 - I just found a meme! It was amazing.
2025-08-27 20:29:33.037 | INFO     | __main__:main:114 - I just shared an app! It was funny.
2025-08-27 20:29:36.039 | INFO     | __main__:main:114 - I just loved a meme! It was weird.
2025-08-27 20:29:39.041 | INFO     | __main__:main:114 - I just found a movie! It was amazing.
2025-08-27 20:29:42.043 | INFO     | __main__:main:114 - I just shared a movie! It was amazing.
2025-08-27 20:29:45.044 | INFO     | __main__:main:114 - I just shared a movie! It was amazing.
2025-08-27 20:29:48.046 | INFO     | __main__:main:114 - I just found a meme! It was exciting.
2025-08-27 20:29:51.047 | INFO     | __main__:main:114 - I just shared a movie! It was funny.
2025-08-27 20:29:54.071 | INFO     | __main__:main:114 - I just saw a story! It was exciting.
2025-08-27 20:29:57.081 | INFO     | __main__:main:114 - I just loved a trick! It was weird.
2025-08-27 20:30:00.084 | INFO     | __main__:main:114 - I just tried a trick! It was exciting.
2025-08-27 20:30:03.085 | INFO     | __main__:main:114 - I just shared an app! It was boring.
2025-08-27 20:30:06.089 | INFO     | __main__:main:114 - I just found a trick! It was exciting.
2025-08-27 20:33:02.885 | INFO     | utils.utils_logger:<module>:38 - Logging to file: logs\project_log.log
2025-08-27 20:33:02.886 | INFO     | __main__:main:68 - START...
2025-08-27 20:33:02.886 | INFO     | __main__:main:74 - Reading file located at logs\project_log.log.
2025-08-27 20:33:38.769 | INFO     | __main__:main:85 - END.....
